1722428334858	geckodriver	INFO	Listening on 127.0.0.1:38059
1722428335386	mozrunner::runner	INFO	Running command: MOZ_CRASHREPORTER="1" MOZ_CRASHREPORTER_NO_REPORT="1" MOZ_CRASHREPORTER_SHUTDOWN="1" MOZ_NO_REMOTE="1" "/usr ... te" "--remote-debugging-port" "51477" "--remote-allow-hosts" "localhost" "-no-remote" "-profile" "/tmp/rust_mozprofileWpfd13"
console.warn: services.settings: Ignoring preference override of remote settings server
console.warn: services.settings: Allow by setting MOZ_REMOTE_SETTINGS_DEVTOOLS=1 in the environment
ATTENTION: default value of option mesa_glthread overridden by environment.
1722428336305	Marionette	INFO	Marionette enabled
ATTENTION: default value of option mesa_glthread overridden by environment.
1722428336652	Marionette	INFO	Listening on port 44921
WebDriver BiDi listening on ws://127.0.0.1:51477
Read port: 44921
1722428336774	RemoteAgent	WARN	TLS certificate errors will be ignored for this session
console.error: ({})
DevTools listening on ws://127.0.0.1:51477/devtools/browser/2dc2ab94-f170-4135-9f50-51149a2956a1
JavaScript warning: https://www.googletagmanager.com/gtm.js?id=GTM-P528B3&gtm_auth=tfAzqo1rYDLgYhmTnSjPqw&gtm_preview=env-130&gtm_cookies_win=x, line 1: unreachable code after return statement
JavaScript warning: https://www.googletagmanager.com/gtm.js?id=GTM-N5P6T9S&l=dataLayer, line 1: unreachable code after return statement
JavaScript warning: https://www.googletagmanager.com/gtm.js?id=GTM-N5P6T9S&l=dataLayer, line 1: unreachable code after return statement
JavaScript warning: https://www.googletagmanager.com/gtm.js?id=GTM-N5P6T9S&l=dataLayer, line 1: unreachable code after return statement
JavaScript warning: https://www.googletagmanager.com/gtm.js?id=GTM-N5P6T9S&l=dataLayer, line 1: unreachable code after return statement
JavaScript warning: https://www.googletagmanager.com/gtm.js?id=GTM-N5P6T9S&l=dataLayer, line 1: unreachable code after return statement
JavaScript warning: https://www.googletagmanager.com/gtm.js?id=GTM-N5P6T9S&l=dataLayer, line 1: unreachable code after return statement
JavaScript warning: https://www.googletagmanager.com/gtm.js?id=GTM-N5P6T9S&l=dataLayer, line 1: unreachable code after return statement
JavaScript warning: https://www.googletagmanager.com/gtm.js?id=GTM-N5P6T9S&l=dataLayer, line 1: unreachable code after return statement
JavaScript warning: https://www.googletagmanager.com/gtm.js?id=GTM-N5P6T9S&l=dataLayer, line 1: unreachable code after return statement
JavaScript warning: https://www.googletagmanager.com/gtm.js?id=GTM-N5P6T9S&l=dataLayer, line 1: unreachable code after return statement
JavaScript warning: https://www.googletagmanager.com/gtm.js?id=GTM-N5P6T9S&l=dataLayer, line 1: unreachable code after return statement
JavaScript warning: https://www.googletagmanager.com/gtm.js?id=GTM-N5P6T9S&l=dataLayer, line 1: unreachable code after return statement
JavaScript warning: https://www.googletagmanager.com/gtm.js?id=GTM-N5P6T9S&l=dataLayer, line 1: unreachable code after return statement
JavaScript warning: https://www.googletagmanager.com/gtm.js?id=GTM-N5P6T9S&l=dataLayer, line 1: unreachable code after return statement
JavaScript warning: https://www.googletagmanager.com/gtm.js?id=GTM-N5P6T9S&l=dataLayer, line 1: unreachable code after return statement
JavaScript warning: https://www.googletagmanager.com/gtm.js?id=GTM-N5P6T9S&l=dataLayer, line 1: unreachable code after return statement
JavaScript warning: https://www.googletagmanager.com/gtm.js?id=GTM-N5P6T9S&l=dataLayer, line 1: unreachable code after return statement
JavaScript warning: https://www.googletagmanager.com/gtm.js?id=GTM-N5P6T9S&l=dataLayer, line 1: unreachable code after return statement
JavaScript warning: https://www.googletagmanager.com/gtm.js?id=GTM-N5P6T9S&l=dataLayer, line 1: unreachable code after return statement
JavaScript warning: https://www.googletagmanager.com/gtm.js?id=GTM-N5P6T9S&l=dataLayer, line 1: unreachable code after return statement
JavaScript warning: https://pagead2.googlesyndication.com/bg/vSn-LAGdw1H8Es98-LL_nT3awXWDHyYlrhLEIRybtG8.js line 2 > eval line 1125 > eval line 1 > eval line 1 > eval, line 1: WEBGL_debug_renderer_info is deprecated in Firefox and will be removed. Please use RENDERER.
JavaScript warning: https://gum.criteo.com/syncframe?origin=publishertag&topUrl=www.nytimes.com#{%22uid%22:{%22origin%22:0},%22lwid%22:{%22origin%22:0},%22bundle%22:{%22origin%22:0},%22optout%22:{%22value%22:false,%22origin%22:0},%22sid%22:{%22origin%22:0},%22tld%22:%22nytimes.com%22,%22topUrl%22:%22www.nytimes.com%22,%22version%22:144,%22cw%22:true,%22lsw%22:true,%22origin%22:%22publishertag%22,%22requestId%22:%220.3626063414105375%22}, line 13: Script terminated by timeout at:
r.prototype.flushEventQueue@https://gum.criteo.com/syncframe?origin=publishertag&topUrl=www.nytimes.com#{%22uid%22:{%22origin%22:0},%22lwid%22:{%22origin%22:0},%22bundle%22:{%22origin%22:0},%22optout%22:{%22value%22:false,%22origin%22:0},%22sid%22:{%22origin%22:0},%22tld%22:%22nytimes.com%22,%22topUrl%22:%22www.nytimes.com%22,%22version%22:144,%22cw%22:true,%22lsw%22:true,%22origin%22:%22publishertag%22,%22requestId%22:%220.3626063414105375%22}:13:3137
r/<@https://gum.criteo.com/syncframe?origin=publishertag&topUrl=www.nytimes.com#{%22uid%22:{%22origin%22:0},%22lwid%22:{%22origin%22:0},%22bundle%22:{%22origin%22:0},%22optout%22:{%22value%22:false,%22origin%22:0},%22sid%22:{%22origin%22:0},%22tld%22:%22nytimes.com%22,%22topUrl%22:%22www.nytimes.com%22,%22version%22:144,%22cw%22:true,%22lsw%22:true,%22origin%22:%22publishertag%22,%22requestId%22:%220.3626063414105375%22}:13:3642

JavaScript warning: https://www.googletagmanager.com/gtm.js?id=GTM-N5P6T9S&l=dataLayer, line 1: unreachable code after return statement
JavaScript warning: https://www.googletagmanager.com/gtm.js?id=GTM-N5P6T9S&l=dataLayer, line 1: unreachable code after return statement
JavaScript warning: https://www.googletagmanager.com/gtm.js?id=GTM-N5P6T9S&l=dataLayer, line 1: unreachable code after return statement
JavaScript warning: https://www.googletagmanager.com/gtm.js?id=GTM-N5P6T9S&l=dataLayer, line 1: unreachable code after return statement
JavaScript warning: https://www.googletagmanager.com/gtm.js?id=GTM-N5P6T9S&l=dataLayer, line 1: unreachable code after return statement
JavaScript warning: https://www.googletagmanager.com/gtm.js?id=GTM-N5P6T9S&l=dataLayer, line 1: unreachable code after return statement
JavaScript warning: https://www.googletagmanager.com/gtm.js?id=GTM-N5P6T9S&l=dataLayer, line 1: unreachable code after return statement
JavaScript warning: https://www.googletagmanager.com/gtm.js?id=GTM-N5P6T9S&l=dataLayer, line 1: unreachable code after return statement
JavaScript warning: https://www.googletagmanager.com/gtm.js?id=GTM-N5P6T9S&l=dataLayer, line 1: unreachable code after return statement
console.error: "update.locale" " file doesn't exist in either the application or GRE directories"
1722428366447	addons.xpi	ERROR	System addon update list error SyntaxError: XMLHttpRequest.open: 'http://%(server)s/dummy-system-addons.xml' is not a valid URL.
JavaScript warning: https://www.googletagmanager.com/gtm.js?id=GTM-N5P6T9S&l=dataLayer, line 1: unreachable code after return statement
JavaScript warning: https://www.googletagmanager.com/gtm.js?id=GTM-N5P6T9S&l=dataLayer, line 1: unreachable code after return statement
JavaScript warning: https://www.googletagmanager.com/gtm.js?id=GTM-N5P6T9S&l=dataLayer, line 1: unreachable code after return statement
JavaScript warning: https://www.googletagmanager.com/gtm.js?id=GTM-N5P6T9S&l=dataLayer, line 1: unreachable code after return statement
1722428400080	Marionette	INFO	Stopped listening on port 44921
